<?xml version="1.0" encoding="UTF-8"?>
<testng-results skipped="0" failed="0" total="1" passed="1">
  <reporter-output>
  </reporter-output>
  <suite name="Default suite" duration-ms="178" started-at="2016-11-13T14:53:44Z" finished-at="2016-11-13T14:53:44Z">
    <groups>
    </groups>
    <test name="Default test" duration-ms="178" started-at="2016-11-13T14:53:44Z" finished-at="2016-11-13T14:53:44Z">
      <class name="com.xiuye.web.test.TestMain">
        <test-method status="PASS" signature="testAppleDao()[pri:0, instance:com.xiuye.web.test.TestMain@25b2fe]" name="testAppleDao" duration-ms="157" started-at="2016-11-13T22:53:44Z" finished-at="2016-11-13T22:53:44Z">
          <reporter-output>
          </reporter-output>
        </test-method> <!-- testAppleDao -->
      </class> <!-- com.xiuye.web.test.TestMain -->
    </test> <!-- Default test -->
  </suite> <!-- Default suite -->
</testng-results>
